<?xml version="1.0" encoding="UTF-8"?>
<!-- Generated by org.testng.reporters.JUnitXMLReporter -->
<testsuite ignored="1" hostname="DESKTOP-U6EDKU0" failures="1" tests="1" name="MasterTestNG" time="21.058" errors="0" timestamp="2023-09-02T23:02:23 GMT-07:00">
  <testcase classname="testCases.LoginTest" name="LoginValidation" time="2.858">
    <failure type="java.lang.AssertionError" message="Login not successful expected [My Account] but found [My Account!]">
      <![CDATA[java.lang.AssertionError: Login not successful expected [My Account] but found [My Account!]
at testCases.LoginTest.LoginValidation(LoginTest.java:33)
at java.base/java.util.ArrayList.forEach(ArrayList.java:1511)
... Removed 32 stack frames]]>
    </failure>
  </testcase> <!-- LoginValidation -->
  <testcase classname="testCases.AccountRegistrationTest" name="Test_accountRegistration" time="0.0">
    <ignored/>
  </testcase> <!-- Test_accountRegistration -->
</testsuite> <!-- MasterTestNG -->
