<?xml version="1.0" encoding="UTF-8"?>
<testng-results ignored="0" total="2" passed="2" failed="0" skipped="0">
  <reporter-output>
  </reporter-output>
  <suite started-at="2023-09-03T01:32:45 GMT-07:00" name="OpenCart_Suite" finished-at="2023-09-03T01:33:13 GMT-07:00" duration-ms="27842">
    <groups>
      <group name="Master">
        <method signature="AccountRegistrationTest.Test_accountRegistration()[pri:0, instance:testCases.AccountRegistrationTest@7188af83]" name="Test_accountRegistration" class="testCases.AccountRegistrationTest"/>
        <method signature="LoginTest.LoginValidation()[pri:0, instance:testCases.LoginTest@17fc391b]" name="LoginValidation" class="testCases.LoginTest"/>
      </group> <!-- Master -->
      <group name="Sanity">
        <method signature="LoginTest.LoginValidation()[pri:0, instance:testCases.LoginTest@17fc391b]" name="LoginValidation" class="testCases.LoginTest"/>
      </group> <!-- Sanity -->
      <group name="Regression">
        <method signature="AccountRegistrationTest.Test_accountRegistration()[pri:0, instance:testCases.AccountRegistrationTest@7188af83]" name="Test_accountRegistration" class="testCases.AccountRegistrationTest"/>
      </group> <!-- Regression -->
    </groups>
    <test started-at="2023-09-03T01:32:45 GMT-07:00" name="MasterTestNG" finished-at="2023-09-03T01:33:13 GMT-07:00" duration-ms="27842">
      <class name="testCases.LoginTest">
        <test-method is-config="true" signature="setUp(java.lang.String)[pri:0, instance:testCases.LoginTest@17fc391b]" started-at="2023-09-03T01:33:00 GMT-07:00" name="setUp" finished-at="2023-09-03T01:33:08 GMT-07:00" duration-ms="7995" status="PASS">
          <params>
            <param index="0">
              <value>
                <![CDATA[edge]]>
              </value>
            </param>
          </params>
          <reporter-output>
          </reporter-output>
        </test-method> <!-- setUp -->
        <test-method signature="LoginValidation()[pri:0, instance:testCases.LoginTest@17fc391b]" started-at="2023-09-03T01:33:08 GMT-07:00" name="LoginValidation" finished-at="2023-09-03T01:33:12 GMT-07:00" duration-ms="4809" status="PASS">
          <reporter-output>
          </reporter-output>
        </test-method> <!-- LoginValidation -->
        <test-method is-config="true" signature="tearDown()[pri:0, instance:testCases.LoginTest@17fc391b]" started-at="2023-09-03T01:33:12 GMT-07:00" name="tearDown" finished-at="2023-09-03T01:33:13 GMT-07:00" duration-ms="497" status="PASS">
          <reporter-output>
          </reporter-output>
        </test-method> <!-- tearDown -->
      </class> <!-- testCases.LoginTest -->
      <class name="testCases.AccountRegistrationTest">
        <test-method is-config="true" signature="setUp(java.lang.String)[pri:0, instance:testCases.AccountRegistrationTest@7188af83]" started-at="2023-09-03T01:32:46 GMT-07:00" name="setUp" finished-at="2023-09-03T01:32:55 GMT-07:00" duration-ms="9482" status="PASS">
          <params>
            <param index="0">
              <value>
                <![CDATA[edge]]>
              </value>
            </param>
          </params>
          <reporter-output>
          </reporter-output>
        </test-method> <!-- setUp -->
        <test-method signature="Test_accountRegistration()[pri:0, instance:testCases.AccountRegistrationTest@7188af83]" started-at="2023-09-03T01:32:55 GMT-07:00" name="Test_accountRegistration" finished-at="2023-09-03T01:32:59 GMT-07:00" duration-ms="4067" status="PASS">
          <reporter-output>
          </reporter-output>
        </test-method> <!-- Test_accountRegistration -->
        <test-method is-config="true" signature="tearDown()[pri:0, instance:testCases.AccountRegistrationTest@7188af83]" started-at="2023-09-03T01:32:59 GMT-07:00" name="tearDown" finished-at="2023-09-03T01:33:00 GMT-07:00" duration-ms="360" status="PASS">
          <reporter-output>
          </reporter-output>
        </test-method> <!-- tearDown -->
      </class> <!-- testCases.AccountRegistrationTest -->
    </test> <!-- MasterTestNG -->
  </suite> <!-- OpenCart_Suite -->
</testng-results>
