<?xml version="1.0" encoding="UTF-8"?>
<testng-results ignored="0" total="1" passed="1" failed="0" skipped="0">
  <reporter-output>
  </reporter-output>
  <suite started-at="2023-09-02T23:03:04 GMT-07:00" name="Failed suite [OpenCart_Suite]" finished-at="2023-09-02T23:03:34 GMT-07:00" duration-ms="29642">
    <groups>
      <group name="Master">
        <method signature="LoginTest.LoginValidation()[pri:0, instance:testCases.LoginTest@4d1c005e]" name="LoginValidation" class="testCases.LoginTest"/>
      </group> <!-- Master -->
      <group name="Sanity">
        <method signature="LoginTest.LoginValidation()[pri:0, instance:testCases.LoginTest@4d1c005e]" name="LoginValidation" class="testCases.LoginTest"/>
      </group> <!-- Sanity -->
    </groups>
    <test started-at="2023-09-02T23:03:04 GMT-07:00" name="MasterTestNG(failed)" finished-at="2023-09-02T23:03:34 GMT-07:00" duration-ms="29642">
      <class name="testCases.LoginTest">
        <test-method is-config="true" signature="setUp(java.lang.String)[pri:0, instance:testCases.LoginTest@4d1c005e]" started-at="2023-09-02T23:03:05 GMT-07:00" name="setUp" finished-at="2023-09-02T23:03:27 GMT-07:00" duration-ms="22412" status="PASS">
          <params>
            <param index="0">
              <value>
                <![CDATA[edge]]>
              </value>
            </param>
          </params>
          <reporter-output>
          </reporter-output>
        </test-method> <!-- setUp -->
        <test-method signature="LoginValidation()[pri:0, instance:testCases.LoginTest@4d1c005e]" started-at="2023-09-02T23:03:27 GMT-07:00" name="LoginValidation" finished-at="2023-09-02T23:03:31 GMT-07:00" duration-ms="3521" status="PASS">
          <reporter-output>
          </reporter-output>
        </test-method> <!-- LoginValidation -->
        <test-method is-config="true" signature="tearDown()[pri:0, instance:testCases.LoginTest@4d1c005e]" started-at="2023-09-02T23:03:31 GMT-07:00" name="tearDown" finished-at="2023-09-02T23:03:34 GMT-07:00" duration-ms="2963" status="PASS">
          <reporter-output>
          </reporter-output>
        </test-method> <!-- tearDown -->
      </class> <!-- testCases.LoginTest -->
    </test> <!-- MasterTestNG(failed) -->
  </suite> <!-- Failed suite [OpenCart_Suite] -->
</testng-results>
